SlidingMenu_library/build/outputs/logs/manifest-merger-debug-report.txt
-- Merging decision tree log ---
manifest
ADDED from BeijingNewsDemo\SlidingMenu_library\AndroidManifest.xml:2:1-6:12
INJECTED from BeijingNewsDemo\SlidingMenu_library\AndroidManifest.xml:2:1-6:12
INJECTED from BeijingNewsDemo\SlidingMenu_library\AndroidManifest.xml:2:1-6:12
	package
		ADDED from BeijingNewsDemo\SlidingMenu_library\AndroidManifest.xml:3:5-50
		INJECTED from BeijingNewsDemo\SlidingMenu_library\AndroidManifest.xml
		INJECTED from BeijingNewsDemo\SlidingMenu_library\AndroidManifest.xml
	xmlns:android
		ADDED from BeijingNewsDemo\SlidingMenu_library\AndroidManifest.xml:2:11-69
uses-sdk
INJECTED from BeijingNewsDemo\SlidingMenu_library\AndroidManifest.xml reason: use-sdk injection requested
INJECTED from BeijingNewsDemo\SlidingMenu_library\AndroidManifest.xml
INJECTED from BeijingNewsDemo\SlidingMenu_library\AndroidManifest.xml
INJECTED from BeijingNewsDemo\SlidingMenu_library\AndroidManifest.xml
INJECTED from BeijingNewsDemo\SlidingMenu_library\AndroidManifest.xml
	android:targetSdkVersion
		INJECTED from BeijingNewsDemo\SlidingMenu_library\AndroidManifest.xml
		ADDED from BeijingNewsDemo\SlidingMenu_library\AndroidManifest.xml
		INJECTED from BeijingNewsDemo\SlidingMenu_library\AndroidManifest.xml
	android:minSdkVersion
		INJECTED from BeijingNewsDemo\SlidingMenu_library\AndroidManifest.xml
		ADDED from BeijingNewsDemo\SlidingMenu_library\AndroidManifest.xml
		INJECTED from BeijingNewsDemo\SlidingMenu_library\AndroidManifest.xml